<?xml version="1.0" encoding="UTF-8"?>
<coverage generated="1583954673617" clover="3.2.0">
  <project timestamp="1583954673618" name="All files">
    <metrics statements="56" coveredstatements="54" conditionals="38" coveredconditionals="36" methods="19" coveredmethods="19" elements="113" coveredelements="109" complexity="0" loc="56" ncloc="56" packages="1" files="3" classes="3"/>
    <file name="Schema.js" path="/Users/joshford/alchemy/career-track/TDD-with-Jest/lib/Schema.js">
      <metrics statements="11" coveredstatements="9" conditionals="6" coveredconditionals="4" methods="4" coveredmethods="4"/>
      <line num="1" count="1" type="stmt"/>
      <line num="7" count="1" type="stmt"/>
      <line num="8" count="3" type="stmt"/>
      <line num="12" count="3" type="stmt"/>
      <line num="13" count="3" type="stmt"/>
      <line num="14" count="3" type="cond" truecount="1" falsecount="1"/>
      <line num="15" count="0" type="stmt"/>
      <line num="18" count="3" type="cond" truecount="3" falsecount="1"/>
      <line num="19" count="3" type="stmt"/>
      <line num="22" count="0" type="stmt"/>
      <line num="26" count="1" type="stmt"/>
    </file>
    <file name="Validator.js" path="/Users/joshford/alchemy/career-track/TDD-with-Jest/lib/Validator.js">
      <metrics statements="10" coveredstatements="10" conditionals="8" coveredconditionals="8" methods="2" coveredmethods="2"/>
      <line num="1" count="2" type="stmt"/>
      <line num="8" count="10" type="stmt"/>
      <line num="9" count="10" type="stmt"/>
      <line num="15" count="5" type="cond" truecount="4" falsecount="0"/>
      <line num="16" count="1" type="stmt"/>
      <line num="20" count="4" type="cond" truecount="4" falsecount="0"/>
      <line num="21" count="1" type="stmt"/>
      <line num="26" count="3" type="stmt"/>
      <line num="27" count="3" type="stmt"/>
      <line num="31" count="2" type="stmt"/>
    </file>
    <file name="types.js" path="/Users/joshford/alchemy/career-track/TDD-with-Jest/lib/types.js">
      <metrics statements="35" coveredstatements="35" conditionals="24" coveredconditionals="24" methods="13" coveredmethods="13"/>
      <line num="1" count="19" type="stmt"/>
      <line num="2" count="22" type="stmt"/>
      <line num="3" count="19" type="stmt"/>
      <line num="4" count="20" type="stmt"/>
      <line num="5" count="6" type="cond" truecount="2" falsecount="0"/>
      <line num="6" count="6" type="stmt"/>
      <line num="8" count="3" type="stmt"/>
      <line num="9" count="13" type="cond" truecount="2" falsecount="0"/>
      <line num="10" count="9" type="cond" truecount="2" falsecount="0"/>
      <line num="11" count="6" type="cond" truecount="2" falsecount="0"/>
      <line num="12" count="4" type="cond" truecount="2" falsecount="0"/>
      <line num="13" count="3" type="stmt"/>
      <line num="16" count="3" type="stmt"/>
      <line num="17" count="7" type="cond" truecount="2" falsecount="0"/>
      <line num="18" count="6" type="stmt"/>
      <line num="19" count="6" type="cond" truecount="2" falsecount="0"/>
      <line num="20" count="3" type="stmt"/>
      <line num="23" count="3" type="stmt"/>
      <line num="24" count="6" type="cond" truecount="2" falsecount="0"/>
      <line num="25" count="4" type="cond" truecount="2" falsecount="0"/>
      <line num="26" count="3" type="cond" truecount="2" falsecount="0"/>
      <line num="27" count="2" type="stmt"/>
      <line num="30" count="4" type="stmt"/>
      <line num="31" count="3" type="stmt"/>
      <line num="32" count="3" type="stmt"/>
      <line num="34" count="2" type="stmt"/>
      <line num="40" count="10" type="stmt"/>
      <line num="41" count="10" type="stmt"/>
      <line num="42" count="10" type="stmt"/>
      <line num="43" count="10" type="stmt"/>
      <line num="47" count="3" type="stmt"/>
      <line num="53" count="3" type="stmt"/>
      <line num="54" count="8" type="cond" truecount="2" falsecount="0"/>
      <line num="56" count="7" type="cond" truecount="2" falsecount="0"/>
      <line num="59" count="3" type="stmt"/>
    </file>
  </project>
</coverage>
