{"/Users/joshford/alchemy/career-track/TDD-with-Jest/lib/types.js": {"path":"/Users/joshford/alchemy/career-track/TDD-with-Jest/lib/types.js","statementMap":{"0":{"start":{"line":1,"column":17},"end":{"line":1,"column":47}},"1":{"start":{"line":1,"column":24},"end":{"line":1,"column":47}},"2":{"start":{"line":3,"column":17},"end":{"line":3,"column":47}},"3":{"start":{"line":3,"column":24},"end":{"line":3,"column":47}},"4":{"start":{"line":5,"column":21},"end":{"line":10,"column":1}},"5":{"start":{"line":6,"column":2},"end":{"line":6,"column":31}},"6":{"start":{"line":6,"column":20},"end":{"line":6,"column":31}},"7":{"start":{"line":7,"column":17},"end":{"line":7,"column":28}},"8":{"start":{"line":8,"column":2},"end":{"line":8,"column":53}},"9":{"start":{"line":8,"column":20},"end":{"line":8,"column":53}},"10":{"start":{"line":9,"column":2},"end":{"line":9,"column":16}},"11":{"start":{"line":15,"column":17},"end":{"line":15,"column":26}},"12":{"start":{"line":16,"column":4},"end":{"line":16,"column":49}},"13":{"start":{"line":17,"column":4},"end":{"line":17,"column":21}},"14":{"start":{"line":18,"column":4},"end":{"line":18,"column":23}},"15":{"start":{"line":22,"column":16},"end":{"line":24,"column":1}},"16":{"start":{"line":26,"column":18},"end":{"line":28,"column":1}},"17":{"start":{"line":27,"column":2},"end":{"line":27,"column":36}},"18":{"start":{"line":30,"column":0},"end":{"line":36,"column":2}}},"fnMap":{"0":{"name":"(anonymous_0)","decl":{"start":{"line":1,"column":17},"end":{"line":1,"column":18}},"loc":{"start":{"line":1,"column":24},"end":{"line":1,"column":47}},"line":1},"1":{"name":"(anonymous_1)","decl":{"start":{"line":3,"column":17},"end":{"line":3,"column":18}},"loc":{"start":{"line":3,"column":24},"end":{"line":3,"column":47}},"line":3},"2":{"name":"(anonymous_2)","decl":{"start":{"line":5,"column":21},"end":{"line":5,"column":22}},"loc":{"start":{"line":5,"column":28},"end":{"line":10,"column":1}},"line":5},"3":{"name":"(anonymous_3)","decl":{"start":{"line":14,"column":2},"end":{"line":14,"column":3}},"loc":{"start":{"line":14,"column":27},"end":{"line":19,"column":3}},"line":14},"4":{"name":"(anonymous_4)","decl":{"start":{"line":26,"column":18},"end":{"line":26,"column":19}},"loc":{"start":{"line":26,"column":26},"end":{"line":28,"column":1}},"line":26}},"branchMap":{"0":{"loc":{"start":{"line":6,"column":2},"end":{"line":6,"column":31}},"type":"if","locations":[{"start":{"line":6,"column":2},"end":{"line":6,"column":31}},{"start":{"line":6,"column":2},"end":{"line":6,"column":31}}],"line":6},"1":{"loc":{"start":{"line":8,"column":2},"end":{"line":8,"column":53}},"type":"if","locations":[{"start":{"line":8,"column":2},"end":{"line":8,"column":53}},{"start":{"line":8,"column":2},"end":{"line":8,"column":53}}],"line":8},"2":{"loc":{"start":{"line":27,"column":9},"end":{"line":27,"column":35}},"type":"binary-expr","locations":[{"start":{"line":27,"column":9},"end":{"line":27,"column":27}},{"start":{"line":27,"column":31},"end":{"line":27,"column":35}}],"line":27}},"s":{"0":1,"1":12,"2":1,"3":6,"4":1,"5":6,"6":1,"7":5,"8":5,"9":2,"10":3,"11":2,"12":2,"13":2,"14":2,"15":1,"16":1,"17":2,"18":1},"f":{"0":12,"1":6,"2":6,"3":2,"4":2},"b":{"0":[1,5],"1":[2,3],"2":[2,1]},"_coverageSchema":"43e27e138ebf9cfc5966b082cf9a028302ed4184","hash":"36cde800c4a9a714bc3a1506aa09f3a635aefe52"}
}
