{"/Users/joshford/alchemy/career-track/TDD-with-Jest/lib/types.js": {"path":"/Users/joshford/alchemy/career-track/TDD-with-Jest/lib/types.js","statementMap":{"0":{"start":{"line":1,"column":17},"end":{"line":1,"column":47}},"1":{"start":{"line":1,"column":24},"end":{"line":1,"column":47}},"2":{"start":{"line":2,"column":17},"end":{"line":2,"column":47}},"3":{"start":{"line":2,"column":24},"end":{"line":2,"column":47}},"4":{"start":{"line":3,"column":18},"end":{"line":3,"column":51}},"5":{"start":{"line":3,"column":26},"end":{"line":3,"column":51}},"6":{"start":{"line":4,"column":16},"end":{"line":4,"column":50}},"7":{"start":{"line":4,"column":23},"end":{"line":4,"column":50}},"8":{"start":{"line":5,"column":17},"end":{"line":5,"column":81}},"9":{"start":{"line":5,"column":24},"end":{"line":5,"column":81}},"10":{"start":{"line":7,"column":21},"end":{"line":12,"column":1}},"11":{"start":{"line":8,"column":2},"end":{"line":8,"column":31}},"12":{"start":{"line":8,"column":20},"end":{"line":8,"column":31}},"13":{"start":{"line":9,"column":17},"end":{"line":9,"column":28}},"14":{"start":{"line":10,"column":2},"end":{"line":10,"column":53}},"15":{"start":{"line":10,"column":20},"end":{"line":10,"column":53}},"16":{"start":{"line":11,"column":2},"end":{"line":11,"column":16}},"17":{"start":{"line":16,"column":17},"end":{"line":16,"column":26}},"18":{"start":{"line":17,"column":4},"end":{"line":17,"column":49}},"19":{"start":{"line":18,"column":4},"end":{"line":18,"column":21}},"20":{"start":{"line":19,"column":4},"end":{"line":19,"column":23}},"21":{"start":{"line":23,"column":16},"end":{"line":25,"column":1}},"22":{"start":{"line":27,"column":18},"end":{"line":29,"column":1}},"23":{"start":{"line":28,"column":2},"end":{"line":28,"column":36}},"24":{"start":{"line":31,"column":0},"end":{"line":40,"column":2}}},"fnMap":{"0":{"name":"(anonymous_0)","decl":{"start":{"line":1,"column":17},"end":{"line":1,"column":18}},"loc":{"start":{"line":1,"column":24},"end":{"line":1,"column":47}},"line":1},"1":{"name":"(anonymous_1)","decl":{"start":{"line":2,"column":17},"end":{"line":2,"column":18}},"loc":{"start":{"line":2,"column":24},"end":{"line":2,"column":47}},"line":2},"2":{"name":"(anonymous_2)","decl":{"start":{"line":3,"column":18},"end":{"line":3,"column":19}},"loc":{"start":{"line":3,"column":26},"end":{"line":3,"column":51}},"line":3},"3":{"name":"(anonymous_3)","decl":{"start":{"line":4,"column":16},"end":{"line":4,"column":17}},"loc":{"start":{"line":4,"column":23},"end":{"line":4,"column":50}},"line":4},"4":{"name":"(anonymous_4)","decl":{"start":{"line":5,"column":17},"end":{"line":5,"column":18}},"loc":{"start":{"line":5,"column":24},"end":{"line":5,"column":81}},"line":5},"5":{"name":"(anonymous_5)","decl":{"start":{"line":7,"column":21},"end":{"line":7,"column":22}},"loc":{"start":{"line":7,"column":28},"end":{"line":12,"column":1}},"line":7},"6":{"name":"(anonymous_6)","decl":{"start":{"line":15,"column":2},"end":{"line":15,"column":3}},"loc":{"start":{"line":15,"column":27},"end":{"line":20,"column":3}},"line":15},"7":{"name":"(anonymous_7)","decl":{"start":{"line":27,"column":18},"end":{"line":27,"column":19}},"loc":{"start":{"line":27,"column":26},"end":{"line":29,"column":1}},"line":27}},"branchMap":{"0":{"loc":{"start":{"line":8,"column":2},"end":{"line":8,"column":31}},"type":"if","locations":[{"start":{"line":8,"column":2},"end":{"line":8,"column":31}},{"start":{"line":8,"column":2},"end":{"line":8,"column":31}}],"line":8},"1":{"loc":{"start":{"line":10,"column":2},"end":{"line":10,"column":53}},"type":"if","locations":[{"start":{"line":10,"column":2},"end":{"line":10,"column":53}},{"start":{"line":10,"column":2},"end":{"line":10,"column":53}}],"line":10},"2":{"loc":{"start":{"line":28,"column":9},"end":{"line":28,"column":35}},"type":"binary-expr","locations":[{"start":{"line":28,"column":9},"end":{"line":28,"column":27}},{"start":{"line":28,"column":31},"end":{"line":28,"column":35}}],"line":28}},"s":{"0":1,"1":12,"2":1,"3":6,"4":1,"5":6,"6":1,"7":6,"8":1,"9":7,"10":1,"11":6,"12":1,"13":5,"14":5,"15":2,"16":3,"17":2,"18":2,"19":2,"20":2,"21":1,"22":1,"23":2,"24":1},"f":{"0":12,"1":6,"2":6,"3":6,"4":7,"5":6,"6":2,"7":2},"b":{"0":[1,5],"1":[2,3],"2":[2,1]},"_coverageSchema":"43e27e138ebf9cfc5966b082cf9a028302ed4184","hash":"cf4c64dd30f4c7957502df3e137b9ff7f80ddcdb"}
}
