TN:
SF:/Users/joshford/alchemy/career-track/TDD-with-Jest/lib/types.js
FN:1,(anonymous_0)
FN:2,(anonymous_1)
FN:3,(anonymous_2)
FN:4,(anonymous_3)
FN:6,(anonymous_4)
FN:15,(anonymous_5)
FN:27,(anonymous_6)
FNF:7
FNH:7
FNDA:12,(anonymous_0)
FNDA:6,(anonymous_1)
FNDA:6,(anonymous_2)
FNDA:6,(anonymous_3)
FNDA:6,(anonymous_4)
FNDA:2,(anonymous_5)
FNDA:2,(anonymous_6)
DA:1,12
DA:2,6
DA:3,6
DA:4,6
DA:6,1
DA:7,6
DA:8,5
DA:9,5
DA:10,3
DA:16,2
DA:17,2
DA:18,2
DA:19,2
DA:23,1
DA:27,1
DA:28,2
DA:31,1
LF:17
LH:17
BRDA:7,0,0,1
BRDA:7,0,1,5
BRDA:9,1,0,2
BRDA:9,1,1,3
BRDA:28,2,0,2
BRDA:28,2,1,1
BRF:6
BRH:6
end_of_record
