TN:
SF:/Users/joshford/alchemy/career-track/TDD-with-Jest/lib/Schema.js
FN:5,(anonymous_0)
FN:9,(anonymous_1)
FN:12,(anonymous_2)
FN:14,(anonymous_3)
FNF:4
FNH:4
FNDA:6,(anonymous_0)
FNDA:18,(anonymous_1)
FNDA:10,(anonymous_2)
FNDA:25,(anonymous_3)
DA:1,2
DA:7,6
DA:9,18
DA:13,10
DA:14,10
DA:15,25
DA:16,22
DA:19,24
DA:20,2
DA:23,7
DA:27,2
LF:11
LH:11
BRDA:15,0,0,22
BRDA:15,0,1,3
BRDA:19,1,0,2
BRDA:19,1,1,22
BRDA:19,2,0,24
BRDA:19,2,1,3
BRF:6
BRH:6
end_of_record
TN:
SF:/Users/joshford/alchemy/career-track/TDD-with-Jest/lib/Validator.js
FN:7,(anonymous_0)
FN:13,(anonymous_1)
FNF:2
FNH:2
FNDA:25,(anonymous_0)
FNDA:27,(anonymous_1)
DA:1,3
DA:8,25
DA:9,25
DA:15,27
DA:16,1
DA:20,26
DA:21,1
DA:26,25
DA:27,25
DA:31,3
LF:10
LH:10
BRDA:15,0,0,1
BRDA:15,0,1,26
BRDA:15,1,0,27
BRDA:15,1,1,20
BRDA:20,2,0,1
BRDA:20,2,1,25
BRDA:20,3,0,26
BRDA:20,3,1,7
BRF:8
BRH:8
end_of_record
TN:
SF:/Users/joshford/alchemy/career-track/TDD-with-Jest/lib/file-system.js
FN:3,(anonymous_0)
FN:7,(anonymous_1)
FN:9,(anonymous_2)
FN:12,(anonymous_3)
FN:14,(anonymous_4)
FN:17,(anonymous_5)
FN:19,(anonymous_6)
FN:20,(anonymous_7)
FN:24,(anonymous_8)
FN:26,(anonymous_9)
FN:32,(anonymous_10)
FNF:11
FNH:11
FNDA:6,(anonymous_0)
FNDA:8,(anonymous_1)
FNDA:8,(anonymous_2)
FNDA:343,(anonymous_3)
FNDA:343,(anonymous_4)
FNDA:2,(anonymous_5)
FNDA:2,(anonymous_6)
FNDA:339,(anonymous_7)
FNDA:2,(anonymous_8)
FNDA:2,(anonymous_9)
FNDA:2,(anonymous_10)
DA:1,2
DA:3,2
DA:4,6
DA:7,2
DA:8,8
DA:9,8
DA:12,2
DA:13,343
DA:14,343
DA:17,2
DA:18,2
DA:20,339
DA:24,2
DA:25,2
DA:27,2
DA:28,2
DA:32,2
DA:34,2
LF:18
LH:18
BRF:0
BRH:0
end_of_record
TN:
SF:/Users/joshford/alchemy/career-track/TDD-with-Jest/lib/model.js
FN:14,(anonymous_0)
FN:20,(anonymous_1)
FN:26,(anonymous_2)
FN:30,(anonymous_3)
FN:33,(anonymous_4)
FN:37,(anonymous_5)
FNF:6
FNH:6
FNDA:5,(anonymous_0)
FNDA:5,(anonymous_1)
FNDA:1,(anonymous_2)
FNDA:1,(anonymous_3)
FNDA:1,(anonymous_4)
FNDA:1,(anonymous_5)
DA:1,1
DA:2,1
DA:11,1
DA:15,5
DA:16,5
DA:17,5
DA:21,5
DA:22,5
DA:23,5
DA:27,1
DA:31,1
DA:34,1
DA:38,1
DA:42,1
LF:14
LH:14
BRF:0
BRH:0
end_of_record
TN:
SF:/Users/joshford/alchemy/career-track/TDD-with-Jest/lib/types.js
FN:1,(anonymous_0)
FN:2,(anonymous_1)
FN:3,(anonymous_2)
FN:4,(anonymous_3)
FN:5,(anonymous_4)
FN:6,(anonymous_5)
FN:8,(anonymous_6)
FN:16,(anonymous_7)
FN:23,(anonymous_8)
FN:30,(anonymous_9)
FN:30,(anonymous_10)
FN:39,(anonymous_11)
FN:53,(anonymous_12)
FNF:13
FNH:13
FNDA:34,(anonymous_0)
FNDA:30,(anonymous_1)
FNDA:20,(anonymous_2)
FNDA:43,(anonymous_3)
FNDA:6,(anonymous_4)
FNDA:6,(anonymous_5)
FNDA:28,(anonymous_6)
FNDA:14,(anonymous_7)
FNDA:6,(anonymous_8)
FNDA:4,(anonymous_9)
FNDA:3,(anonymous_10)
FNDA:11,(anonymous_11)
FNDA:30,(anonymous_12)
DA:1,34
DA:2,30
DA:3,20
DA:4,43
DA:5,6
DA:6,6
DA:8,4
DA:9,28
DA:10,10
DA:11,7
DA:12,5
DA:13,4
DA:16,4
DA:17,14
DA:18,7
DA:19,7
DA:20,4
DA:23,4
DA:24,6
DA:25,4
DA:26,3
DA:27,2
DA:30,4
DA:31,3
DA:32,3
DA:34,2
DA:40,11
DA:41,11
DA:42,11
DA:43,11
DA:47,4
DA:53,4
DA:54,30
DA:56,29
DA:59,4
LF:35
LH:35
BRDA:5,0,0,6
BRDA:5,0,1,2
BRDA:9,1,0,18
BRDA:9,1,1,10
BRDA:10,2,0,3
BRDA:10,2,1,7
BRDA:11,3,0,2
BRDA:11,3,1,5
BRDA:12,4,0,1
BRDA:12,4,1,4
BRDA:17,5,0,7
BRDA:17,5,1,7
BRDA:19,6,0,3
BRDA:19,6,1,4
BRDA:24,7,0,2
BRDA:24,7,1,4
BRDA:25,8,0,1
BRDA:25,8,1,3
BRDA:26,9,0,1
BRDA:26,9,1,2
BRDA:54,10,0,1
BRDA:54,10,1,29
BRDA:56,11,0,29
BRDA:56,11,1,1
BRF:24
BRH:24
end_of_record
